<?xml version="1.0" encoding="UTF-8"?>
<!-- Generated by org.testng.reporters.JUnitXMLReporter -->
<testsuite ignored="0" hostname="MLBMYSL-108528" failures="0" tests="4" name="Test Classes " time="0.222" errors="0" timestamp="2025-01-07T18:17:49 IST">
  <testcase classname="TestNG.TC_Parallel1" name="firstTest" time="0.047"/>
  <testcase classname="TestNG.TC_Parallel2" name="firstTest" time="0.047"/>
  <testcase classname="TestNG.TC_Parallel1" name="secondTest" time="0.008"/>
  <testcase classname="TestNG.TC_Parallel2" name="secondTest" time="0.009"/>
</testsuite> <!-- Test Classes  -->
