<?xml version="1.0" encoding="UTF-8"?>
<!-- Generated by org.testng.reporters.JUnitXMLReporter -->
<testsuite ignored="2" hostname="MLBMYSL-108528" failures="0" tests="1" name="GroupTest" time="0.205" errors="0" timestamp="2025-01-06T18:18:51 IST">
  <testcase classname="TestNG.GroupingTestMethods" name="sedan" time="0.043"/>
  <testcase classname="TestNG.GroupingTestMethods" name="Bajaj" time="0.0">
    <ignored/>
  </testcase> <!-- Bajaj -->
  <testcase classname="TestNG.GroupingTestMethods" name="mahindra" time="0.0">
    <ignored/>
  </testcase> <!-- mahindra -->
</testsuite> <!-- GroupTest -->
