<?xml version="1.0" encoding="UTF-8"?>
<!-- Generated by org.testng.reporters.JUnitXMLReporter -->
<testsuite ignored="0" hostname="MLBMYSL-108528" failures="0" tests="4" name="TestNgTests" time="21.114" errors="0" timestamp="2025-01-03T19:10:27 IST">
  <testcase classname="TestNG.TC_LoginHRM" name="Login" time="4.072"/>
  <testcase classname="TestNG.TC_LoginHRM" name="logout" time="1.527"/>
  <testcase classname="TestNG.TC_Priority" name="method1" time="0.003"/>
  <testcase classname="TestNG.TC_Priority" name="amethod2" time="0.005"/>
</testsuite> <!-- TestNgTests -->
