<?xml version="1.0" encoding="UTF-8"?>
<!-- Generated by org.testng.reporters.JUnitXMLReporter -->
<testsuite ignored="2" hostname="MLBMYSL-108528" failures="0" tests="1" name="GRP-Regression" time="0.192" errors="0" timestamp="2025-01-03T18:51:04 IST">
  <testcase classname="TestNG.GroupingTestMethods" name="mahindra" time="0.028"/>
  <testcase classname="TestNG.GroupingTestMethods" name="sedan" time="0.0">
    <ignored/>
  </testcase> <!-- sedan -->
  <testcase classname="TestNG.GroupingTestMethods" name="Bajaj" time="0.0">
    <ignored/>
  </testcase> <!-- Bajaj -->
</testsuite> <!-- GRP-Regression -->
