<?xml version="1.0" encoding="UTF-8"?>
<!-- Generated by org.testng.reporters.JUnitXMLReporter -->
<testsuite ignored="1" hostname="MLBMYSL-108528" failures="0" tests="2" name="GRP-Car" time="0.207" errors="0" timestamp="2025-01-03T18:49:42 IST">
  <testcase classname="TestNG.GroupingTestMethods" name="Bajaj" time="0.038"/>
  <testcase classname="TestNG.GroupingTestMethods" name="mahindra" time="0.004"/>
  <testcase classname="TestNG.GroupingTestMethods" name="sedan" time="0.0">
    <ignored/>
  </testcase> <!-- sedan -->
</testsuite> <!-- GRP-Car -->
