<?xml version="1.0" encoding="UTF-8"?>
<testng-results ignored="0" total="2" passed="2" failed="0" skipped="0">
  <reporter-output>
  </reporter-output>
  <suite started-at="2025-01-09T19:02:54 IST" name="Default suite" finished-at="2025-01-09T19:02:54 IST" duration-ms="217">
    <groups>
    </groups>
    <test started-at="2025-01-09T19:02:54 IST" name="Default test" finished-at="2025-01-09T19:02:54 IST" duration-ms="217">
      <class name="Gowtham_Maven.Gowtham_Maven.TC_Priority">
        <test-method signature="method1()[pri:1, instance:Gowtham_Maven.Gowtham_Maven.TC_Priority@3c73951]" started-at="2025-01-09T19:02:54 IST" name="method1" finished-at="2025-01-09T19:02:54 IST" duration-ms="48" status="PASS">
          <reporter-output>
          </reporter-output>
        </test-method> <!-- method1 -->
        <test-method signature="amethod2()[pri:2, instance:Gowtham_Maven.Gowtham_Maven.TC_Priority@3c73951]" started-at="2025-01-09T19:02:54 IST" name="amethod2" finished-at="2025-01-09T19:02:54 IST" duration-ms="4" status="PASS">
          <reporter-output>
          </reporter-output>
        </test-method> <!-- amethod2 -->
      </class> <!-- Gowtham_Maven.Gowtham_Maven.TC_Priority -->
    </test> <!-- Default test -->
  </suite> <!-- Default suite -->
</testng-results>
