<?xml version="1.0" encoding="UTF-8"?>
<testng-results ignored="0" total="2" passed="2" failed="0" skipped="0">
  <reporter-output>
  </reporter-output>
  <suite started-at="2025-01-31T18:36:03 IST" name="Default suite" finished-at="2025-01-31T18:36:25 IST" duration-ms="22021">
    <groups>
    </groups>
    <test started-at="2025-01-31T18:36:03 IST" name="Default test" finished-at="2025-01-31T18:36:25 IST" duration-ms="22021">
      <class name="LoginTests.LoginTest">
        <test-method is-config="true" signature="Setup()[pri:0, instance:LoginTests.LoginTest@4b45a2f5]" started-at="2025-01-31T18:36:04 IST" name="Setup" finished-at="2025-01-31T18:36:15 IST" duration-ms="11854" status="PASS">
          <reporter-output>
          </reporter-output>
        </test-method> <!-- Setup -->
        <test-method signature="HRMLogin()[pri:0, instance:LoginTests.LoginTest@4b45a2f5]" started-at="2025-01-31T18:36:15 IST" name="HRMLogin" finished-at="2025-01-31T18:36:18 IST" duration-ms="2709" status="PASS">
          <reporter-output>
          </reporter-output>
        </test-method> <!-- HRMLogin -->
        <test-method is-config="true" signature="tearDown()[pri:0, instance:LoginTests.LoginTest@4b45a2f5]" started-at="2025-01-31T18:36:18 IST" name="tearDown" finished-at="2025-01-31T18:36:19 IST" duration-ms="474" status="PASS">
          <reporter-output>
          </reporter-output>
        </test-method> <!-- tearDown -->
        <test-method is-config="true" signature="Setup()[pri:0, instance:LoginTests.LoginTest@4b45a2f5]" started-at="2025-01-31T18:36:19 IST" name="Setup" finished-at="2025-01-31T18:36:25 IST" duration-ms="6314" status="PASS">
          <reporter-output>
          </reporter-output>
        </test-method> <!-- Setup -->
        <test-method signature="loginPageTitleTest()[pri:1, instance:LoginTests.LoginTest@4b45a2f5]" started-at="2025-01-31T18:36:25 IST" name="loginPageTitleTest" finished-at="2025-01-31T18:36:25 IST" duration-ms="22" status="PASS">
          <reporter-output>
          </reporter-output>
        </test-method> <!-- loginPageTitleTest -->
        <test-method is-config="true" signature="tearDown()[pri:0, instance:LoginTests.LoginTest@4b45a2f5]" started-at="2025-01-31T18:36:25 IST" name="tearDown" finished-at="2025-01-31T18:36:25 IST" duration-ms="446" status="PASS">
          <reporter-output>
          </reporter-output>
        </test-method> <!-- tearDown -->
      </class> <!-- LoginTests.LoginTest -->
    </test> <!-- Default test -->
  </suite> <!-- Default suite -->
</testng-results>
